<?xml version="1.0" encoding="UTF-8"?>
<!-- Generated by org.testng.reporters.JUnitReportReporter -->
<testsuite hostname="Abhay-Gope" failures="0" tests="2" name="org.hrm.admin.TestScript_3and4_Test" time="0.044" errors="0" timestamp="2023-11-29T13:03:19 IST" skipped="0">
  <testcase classname="org.hrm.admin.TestScript_3and4_Test" name="ts_3_test" time="0.025"/>
  <system-out/>
  <testcase classname="org.hrm.admin.TestScript_3and4_Test" name="ts_4_test" time="0.019"/>
  <system-out/>
</testsuite> <!-- org.hrm.admin.TestScript_3and4_Test -->
