<?xml version="1.0" encoding="UTF-8"?>
<!-- Generated by org.testng.reporters.JUnitReportReporter -->
<testsuite hostname="Abhay-Gope" failures="0" tests="2" name="org.hrm.admin.TestScript_1and2_Test" time="0.030" errors="0" timestamp="2023-11-29T13:02:09 IST" skipped="0">
  <testcase classname="org.hrm.admin.TestScript_1and2_Test" name="ts_1_test" time="0.025"/>
  <system-out/>
  <testcase classname="org.hrm.admin.TestScript_1and2_Test" name="ts_2_test" time="0.005"/>
  <system-out/>
</testsuite> <!-- org.hrm.admin.TestScript_1and2_Test -->
