<?xml version="1.0" encoding="UTF-8"?>
<!-- Generated by org.testng.reporters.JUnitReportReporter -->
<testsuite hostname="Abhay-Gope" failures="0" tests="1" name="org.hrm.browser.LaunchBrowserTest" time="7.459" errors="0" timestamp="2023-11-30T22:09:08 IST" skipped="0">
  <testcase classname="org.hrm.browser.LaunchBrowserTest" name="launchBrowserTest" time="7.459"/>
  <system-out/>
</testsuite> <!-- org.hrm.browser.LaunchBrowserTest -->
