<?xml version="1.0" encoding="UTF-8"?>
<!-- Generated by org.testng.reporters.JUnitReportReporter -->
<testsuite hostname="Abhay-Gope" failures="0" tests="1" name="org.hrm.employee.TestScript_Employee_1_Test" time="0.019" errors="0" timestamp="2023-11-28T14:43:32 IST" skipped="0">
  <testcase classname="org.hrm.employee.TestScript_Employee_1_Test" name="generateEmpId_1_Test" time="0.019"/>
  <system-out/>
</testsuite> <!-- org.hrm.employee.TestScript_Employee_1_Test -->
