<?xml version="1.0" encoding="UTF-8"?>
<!-- Generated by org.testng.reporters.JUnitReportReporter -->
<testsuite hostname="Abhay-Gope" failures="0" tests="1" name="org.hrm.employee.TestScript_Employee" time="0.048" errors="0" timestamp="2023-11-29T13:03:38 IST" skipped="0">
  <testcase classname="org.hrm.employee.TestScript_Employee" name="generateEmpId_1_Test" time="0.048"/>
  <system-out/>
</testsuite> <!-- org.hrm.employee.TestScript_Employee -->
