<?xml version="1.0" encoding="UTF-8"?>
<!-- Generated by org.testng.reporters.JUnitReportReporter -->
<testsuite hostname="Abhay-Gope" failures="0" tests="2" name="org.hrm.login.TestScript_Login" time="6.558" errors="0" timestamp="2023-11-29T13:11:54 IST" skipped="0">
  <testcase classname="org.hrm.login.TestScript_Login" name="login_1_Test" time="5.104"/>
  <system-out/>
  <testcase classname="org.hrm.login.TestScript_Login" name="closeBrowser" time="1.454"/>
  <system-out/>
</testsuite> <!-- org.hrm.login.TestScript_Login -->
